================================================================================================================== test session starts ===================================================================================================================
platform linux -- Python 3.11.9, pytest-9.1.1, pluggy-1.6.0
rootdir: /testbed
plugins: metadata-3.1.1, anyio-4.15.1, json-report-1.5.0
collected 0 items / 1 error

========================================================================================================================= ERRORS =========================================================================================================================
_____________________________________________________________________________________________________________ ERROR collecting test_cart.py ______________________________________________________________________________________________________________
/opt/miniconda3/envs/testbed/lib/python3.9/site-packages/_pytest/python.py:508: in importtestmodule
    mod = import_path(
/opt/miniconda3/envs/testbed/lib/python3.9/site-packages/_pytest/pathlib.py:596: in import_path
    importlib.import_module(module_name)
/opt/miniconda3/envs/testbed/lib/python3.9/importlib/__init__.py:126: in import_module
    return _bootstrap._gcd_import(name[level:], package, level)
           ^^^^^^^^^^^^^^^^^^^^^^^^^^^^^^^^^^^^^^^^^^^^^^^^^^^^
<frozen importlib._bootstrap>:1204: in _gcd_import
    ???
<frozen importlib._bootstrap>:1176: in _find_and_load
    ???
<frozen importlib._bootstrap>:1147: in _find_and_load_unlocked
    ???
<frozen importlib._bootstrap>:690: in _load_unlocked
    ???
/opt/miniconda3/envs/testbed/lib/python3.9/site-packages/_pytest/assertion/rewrite.py:188: in exec_module
    exec(co, module.__dict__)
test_cart.py:2: in <module>
    from pkg.cart import cart_total, parse
E     File "pkg/cart.py", line 8
E       def broken(:
E                  ^
E   SyntaxError: invalid syntax
================================================================================================================ short test summary info =================================================================================================================
ERROR test_cart.py
!!!!!!!!!!!!!!!!!!!!!!!!!!!!!!!!!!!!!!!!!!!!!!!!!!!!!!!!!!!!!!!!!!!!!!!!!!!!!!!!!!!!!!!!!!!!!!!!!!!!!!!!! Interrupted: 1 error during collection !!!!!!!!!!!!!!!!!!!!!!!!!!!!!!!!!!!!!!!!!!!!!!!!!!!!!!!!!!!!!!!!!!!!!!!!!!!!!!!!!!!!!!!!!!!!!!!!!!!!!!!!!
==================================================================================================================== 1 error in 0.11s ====================================================================================================================
