================================================================================================================== test session starts ===================================================================================================================
platform linux -- Python 3.11.9, pytest-9.1.1, pluggy-1.6.0
rootdir: /testbed
plugins: metadata-3.1.1, anyio-4.15.1, json-report-1.5.0
collected 2 items

test_spaces.py F.                                                                                                                                                                                                                                  [100%]

======================================================================================================================== FAILURES ========================================================================================================================
_____________________________________________________________________________________________________ test_non_mapping_init[ceci n'est pas un meta] ______________________________________________________________________________________________________

meta = "ceci n'est pas un meta"

    @pytest.mark.parametrize("meta", ["ceci n'est pas un meta", "ok"])
    def test_non_mapping_init(meta):
>       assert meta == "ok"
E       assert "ceci n'est pas un meta" == 'ok'
E         
E         - ok
E         + ceci n'est pas un meta

meta       = "ceci n'est pas un meta"

test_spaces.py:4: AssertionError
========================================================================================================================= PASSES =========================================================================================================================
================================================================================================================ short test summary info =================================================================================================================
PASSED test_spaces.py::test_non_mapping_init[ok]
FAILED test_spaces.py::test_non_mapping_init[ceci n'est pas un meta] - assert "ceci n'est pas un meta" == 'ok'
============================================================================================================== 1 failed, 1 passed in 0.02s ===============================================================================================================
