<frozen importlib._bootstrap>:228: RuntimeWarning: numpy.ndarray size changed, may indicate binary incompatibility. Expected 80 from C header, got 96 from PyObject
[1m================================================================================================================== test session starts ===================================================================================================================[0m
platform linux -- Python 3.9.20, pytest-7.4.0, pluggy-1.3.0

Running tests with Astropy version 5.3.dev478+gfa4e8d1cd.d20260813.
Running tests in astropy/units/tests/test_format.py.

Date: 2026-09-24T23:20:07

Platform: Linux-5.4.0-216-generic-x86_64-with-glibc2.35

Executable: /opt/miniconda3/envs/testbed/bin/python

Full Python Version: 
3.9.20 (main, Oct  3 2024, 07:27:41) 
[GCC 11.2.0]

encodings: sys: utf-8, locale: UTF-8, filesystem: utf-8
byteorder: little
float info: dig: 15, mant_dig: 15

Package versions: 
Numpy: 1.25.2
Scipy: not available
Matplotlib: not available
h5py: not available
Pandas: not available
PyERFA: 2.0.0.3
Cython: not available
Scikit-image: not available
asdf: not available
pyarrow: not available

Using Astropy options: remote_data: none.

CI: undefined
ARCH_ON_CI: undefined
IS_CRON: undefined

rootdir: /testbed
configfile: setup.cfg
plugins: openfiles-0.5.0, doctestplus-1.0.0, xdist-3.3.1, arraydiff-0.5.0, astropy-header-0.2.2, astropy-0.10.0, hypothesis-6.82.6, filter-subpackage-0.1.2, cov-4.1.0, remotedata-0.4.0, mock-3.11.1
collected 738 items

astropy/units/tests/test_format.py [32m.[0m[32m.[0m[32m.[0m[32m.[0m[32m.[0m[32m.[0m[32m.[0m[32m.[0m[32m.[0m[32m.[0m[32m.[0m[32m.[0m[32m.[0m[32m.[0m[32m.[0m[32m.[0m[32m.[0m[32m.[0m[32m.[0m[32m.[0m[32m.[0m[31mF[0m[32m.[0m[31mF[0m[32m.[0m[32m.[0m[32m.[0m[32m.[0m[32m.[0m[32m.[0m[32m.[0m[32m.[0m[32m.[0m[32m.[0m[32m.[0m[32m.[0m[32m.[0m[32m.[0m[32m.[0m[32m.[0m[32m.[0m[32m.[0m[32m.[0m[32m.[0m[32m.[0m[32m.[0m[32m.[0m[32m.[0m[32m.[0m[32m.[0m[32m.[0m[32m.[0m[32m.[0m[32m.[0m[32m.[0m[32m.[0m[32m.[0m[32m.[0m[32m.[0m[31mF[0m[32m.[0m[32m.[0m[32m.[0m[32m.[0m[32m.[0m[32m.[0m[32m.[0m[32m.[0m[32m.[0m[32m.[0m[32m.[0m[32m.[0m[32m.[0m[32m.[0m[32m.[0m[32m.[0m[32m.[0m[32m.[0m[32m.[0m[32m.[0m[32m.[0m[32m.[0m[32m.[0m[32m.[0m[32m.[0m[32m.[0m[32m.[0m[32m.[0m[32m.[0m[32m.[0m[32m.[0m[32m.[0m[32m.[0m[32m.[0m[32m.[0m[32m.[0m[32m.[0m[32m.[0m[32m.[0m[32m.[0m[32m.[0m[32m.[0m[32m.[0m[32m.[0m[32m.[0m[32m.[0m[32m.[0m[32m.[0m[32m.[0m[32m.[0m[32m.[0m[32m.[0m[32m.[0m[32m.[0m[32m.[0m[32m.[0m[32m.[0m[32m.[0m[32m.[0m[32m.[0m[32m.[0m[32m.[0m[32m.[0m[32m.[0m[32m.[0m[32m.[0m[32m.[0m[32m.[0m[32m.[0m[32m.[0m[32m.[0m[32m.[0m[32m.[0m[32m.[0m[32m.[0m[32m.[0m[32m.[0m[32m.[0m[32m.[0m[32m.[0m[32m.[0m[32m.[0m[32m.[0m[32m.[0m[32m.[0m[32m.[0m[32m.[0m[32m.[0m[32m.[0m[32m.[0m[32m.[0m[32m.[0m[32m.[0m[32m.[0m[32m.[0m[32m.[0m[32m.[0m[32m.[0m[32m.[0m[32m.[0m[32m.[0m[32m.[0m[32m.[0m[32m.[0m[32m.[0m[32m.[0m[32m.[0m[32m.[0m[32m.[0m[32m.[0m[32m.[0m[32m.[0m[32m.[0m[32m.[0m[32m.[0m[32m.[0m[32m.[0m[32m.[0m[32m.[0m[32m.[0m[32m.[0m[32m.[0m[32m.[0m[32m.[0m[32m.[0m[32m.[0m[32m.[0m[32m.[0m[32m.[0m[32m.[0m[32m.[0m[32m.[0m[32m.[0m[32m.[0m[32m.[0m[32m.[0m[32m.[0m[32m.[0m[32m.[0m[32m.[0m[32m.[0m[32m.[0m[32m.[0m[32m.[0m[32m.[0m[32m.[0m[32m.[0m[31m [ 28%]
[0m[32m.[0m[32m.[0m[32m.[0m[32m.[0m[32m.[0m[32m.[0m[32m.[0m[32m.[0m[32m.[0m[32m.[0m[32m.[0m[32m.[0m[32m.[0m[32m.[0m[32m.[0m[32m.[0m[32m.[0m[32m.[0m[32m.[0m[32m.[0m[32m.[0m[32m.[0m[32m.[0m[32m.[0m[32m.[0m[32m.[0m[32m.[0m[32m.[0m[32m.[0m[32m.[0m[32m.[0m[32m.[0m[32m.[0m[32m.[0m[32m.[0m[32m.[0m[32m.[0m[32m.[0m[32m.[0m[32m.[0m[32m.[0m[32m.[0m[32m.[0m[32m.[0m[32m.[0m[32m.[0m[32m.[0m[32m.[0m[32m.[0m[32m.[0m[32m.[0m[32m.[0m[32m.[0m[32m.[0m[32m.[0m[32m.[0m[32m.[0m[32m.[0m[32m.[0m[32m.[0m[32m.[0m[32m.[0m[32m.[0m[32m.[0m[32m.[0m[32m.[0m[32m.[0m[32m.[0m[32m.[0m[32m.[0m[32m.[0m[32m.[0m[32m.[0m[32m.[0m[32m.[0m[32m.[0m[32m.[0m[32m.[0m[32m.[0m[32m.[0m[32m.[0m[32m.[0m[32m.[0m[32m.[0m[32m.[0m[32m.[0m[32m.[0m[32m.[0m[32m.[0m[32m.[0m[32m.[0m[32m.[0m[32m.[0m[32m.[0m[32m.[0m[32m.[0m[32m.[0m[32m.[0m[32m.[0m[32m.[0m[32m.[0m[32m.[0m[32m.[0m[32m.[0m[32m.[0m[32m.[0m[32m.[0m[32m.[0m[32m.[0m[32m.[0m[32m.[0m[32m.[0m[32m.[0m[32m.[0m[32m.[0m[32m.[0m[32m.[0m[32m.[0m[32m.[0m[32m.[0m[32m.[0m[32m.[0m[32m.[0m[32m.[0m[32m.[0m[32m.[0m[32m.[0m[32m.[0m[32m.[0m[32m.[0m[32m.[0m[32m.[0m[32m.[0m[32m.[0m[32m.[0m[32m.[0m[32m.[0m[32m.[0m[32m.[0m[32m.[0m[32m.[0m[32m.[0m[32m.[0m[32m.[0m[32m.[0m[32m.[0m[32m.[0m[32m.[0m[32m.[0m[32m.[0m[32m.[0m[32m.[0m[32m.[0m[32m.[0m[32m.[0m[32m.[0m[32m.[0m[32m.[0m[32m.[0m[32m.[0m[32m.[0m[32m.[0m[32m.[0m[32m.[0m[32m.[0m[32m.[0m[32m.[0m[32m.[0m[32m.[0m[32m.[0m[32m.[0m[32m.[0m[32m.[0m[32m.[0m[32m.[0m[32m.[0m[32m.[0m[32m.[0m[32m.[0m[32m.[0m[32m.[0m[32m.[0m[32m.[0m[32m.[0m[32m.[0m[32m.[0m[32m.[0m[32m.[0m[32m.[0m[32m.[0m[32m.[0m[32m.[0m[32m.[0m[32m.[0m[32m.[0m[32m.[0m[32m.[0m[32m.[0m[32m.[0m[32m.[0m[32m.[0m[32m.[0m[32m.[0m[32m.[0m[32m.[0m[32m.[0m[32m.[0m[32m.[0m[32m.[0m[32m.[0m[32m.[0m[32m.[0m[32m.[0m[32m.[0m[32m.[0m[32m.[0m[32m.[0m[32m.[0m[32m.[0m[32m.[0m[32m.[0m[32m.[0m[32m.[0m[32m.[0m[32m.[0m[32m.[0m[32m.[0m[32m.[0m[32m.[0m[32m.[0m[32m.[0m[32m.[0m[32m.[0m[32m.[0m[32m.[0m[32m.[0m[32m.[0m[32m.[0m[32m.[0m[32m.[0m[32m.[0m[32m.[0m[31m [ 60%]
[0m[32m.[0m[32m.[0m[32m.[0m[32m.[0m[32m.[0m[32m.[0m[32m.[0m[32m.[0m[32m.[0m[32m.[0m[32m.[0m[32m.[0m[32m.[0m[32m.[0m[32m.[0m[32m.[0m[32m.[0m[32m.[0m[32m.[0m[32m.[0m[32m.[0m[32m.[0m[32m.[0m[32m.[0m[32m.[0m[32m.[0m[32m.[0m[32m.[0m[32m.[0m[32m.[0m[32m.[0m[32m.[0m[32m.[0m[32m.[0m[32m.[0m[32m.[0m[32m.[0m[32m.[0m[32m.[0m[32m.[0m[32m.[0m[32m.[0m[32m.[0m[32m.[0m[32m.[0m[32m.[0m[32m.[0m[32m.[0m[32m.[0m[32m.[0m[32m.[0m[32m.[0m[32m.[0m[32m.[0m[32m.[0m[32m.[0m[32m.[0m[32m.[0m[32m.[0m[32m.[0m[32m.[0m[32m.[0m[32m.[0m[32m.[0m[32m.[0m[32m.[0m[32m.[0m[32m.[0m[32m.[0m[32m.[0m[32m.[0m[32m.[0m[32m.[0m[32m.[0m[32m.[0m[32m.[0m[32m.[0m[32m.[0m[32m.[0m[32m.[0m[32m.[0m[32m.[0m[32m.[0m[32m.[0m[32m.[0m[32m.[0m[32m.[0m[32m.[0m[32m.[0m[32m.[0m[32m.[0m[32m.[0m[32m.[0m[32m.[0m[32m.[0m[32m.[0m[32m.[0m[32m.[0m[32m.[0m[32m.[0m[32m.[0m[32m.[0m[32m.[0m[32m.[0m[32m.[0m[32m.[0m[32m.[0m[32m.[0m[32m.[0m[32m.[0m[32m.[0m[32m.[0m[32m.[0m[32m.[0m[32m.[0m[32m.[0m[32m.[0m[32m.[0m[32m.[0m[32m.[0m[32m.[0m[32m.[0m[32m.[0m[32m.[0m[32m.[0m[32m.[0m[32m.[0m[32m.[0m[32m.[0m[32m.[0m[32m.[0m[32m.[0m[32m.[0m[32m.[0m[32m.[0m[32m.[0m[32m.[0m[32m.[0m[32m.[0m[32m.[0m[32m.[0m[32m.[0m[32m.[0m[32m.[0m[32m.[0m[32m.[0m[32m.[0m[32m.[0m[32m.[0m[32m.[0m[32m.[0m[32m.[0m[32m.[0m[32m.[0m[32m.[0m[32m.[0m[32m.[0m[32m.[0m[32m.[0m[32m.[0m[32m.[0m[32m.[0m[32m.[0m[32m.[0m[32m.[0m[32m.[0m[32m.[0m[32m.[0m[32m.[0m[32m.[0m[32m.[0m[32m.[0m[32m.[0m[32m.[0m[32m.[0m[32m.[0m[32m.[0m[32m.[0m[32m.[0m[32m.[0m[32m.[0m[32m.[0m[32m.[0m[32m.[0m[32m.[0m[32m.[0m[32m.[0m[32m.[0m[32m.[0m[32m.[0m[32m.[0m[32m.[0m[32m.[0m[32m.[0m[32m.[0m[32m.[0m[32m.[0m[32m.[0m[32m.[0m[32m.[0m[32m.[0m[32m.[0m[32m.[0m[32m.[0m[32m.[0m[32m.[0m[32m.[0m[32m.[0m[32m.[0m[32m.[0m[32m.[0m[32m.[0m[32m.[0m[32m.[0m[32m.[0m[32m.[0m[32m.[0m[32m.[0m[32m.[0m[32m.[0m[32m.[0m[32m.[0m[32m.[0m[32m.[0m[32m.[0m[32m.[0m[32m.[0m[32m.[0m[32m.[0m[32m.[0m[32m.[0m[32m.[0m[32m.[0m[32m.[0m[32m.[0m[32m.[0m[32m.[0m[32m.[0m[32m.[0m[32m.[0m[32m.[0m[32m.[0m[31m [ 93%]
[0m[32m.[0m[32m.[0m[32m.[0m[32m.[0m[32m.[0m[32m.[0m[32m.[0m[32m.[0m[32m.[0m[32m.[0m[32m.[0m[32m.[0m[32m.[0m[32m.[0m[32m.[0m[32m.[0m[32m.[0m[32m.[0m[32m.[0m[32m.[0m[32m.[0m[32m.[0m[32m.[0m[32m.[0m[32m.[0m[32m.[0m[32m.[0m[32m.[0m[32m.[0m[32m.[0m[32m.[0m[32m.[0m[32m.[0m[32m.[0m[32m.[0m[32m.[0m[32m.[0m[32m.[0m[32m.[0m[32m.[0m[32m.[0m[32m.[0m[32m.[0m[32m.[0m[32m.[0m[32m.[0m[32m.[0m[31m                                                                                                                                                                                                    [100%][0m

======================================================================================================================== FAILURES ========================================================================================================================
[31m[1m____________________________________________________________________________________________________________ test_cds_grammar[strings4-unit4] ____________________________________________________________________________________________________________[0m

strings = ['km/s/Mpc'], unit = Unit("km / (Mpc s)")

    @pytest.mark.parametrize(
        "strings, unit",
        [
            (["0.1nm"], u.AA),
            (["mW/m2"], u.Unit(u.erg / u.cm**2 / u.s)),
            (["mW/(m2)"], u.Unit(u.erg / u.cm**2 / u.s)),
            (["km/s", "km.s-1"], u.km / u.s),
            (["km/s/Mpc"], u.km / u.s / u.Mpc),
            (["km/(s.Mpc)"], u.km / u.s / u.Mpc),
            (["10+3J/m/s/kpc2"], u.Unit(1e3 * u.W / (u.m * u.kpc**2))),
            (["10pix/nm"], u.Unit(10 * u.pix / u.nm)),
            (["1.5x10+11m"], u.Unit(1.5e11 * u.m)),
            (["1.5×10+11/m"], u.Unit(1.5e11 / u.m)),
            (["/s"], u.s**-1),
            (["m2"], u.m**2),
            (["10+21m"], u.Unit(u.m * 1e21)),
            (["2.54cm"], u.Unit(u.cm * 2.54)),
            (["20%"], 0.20 * u.dimensionless_unscaled),
            (["10+9"], 1.0e9 * u.dimensionless_unscaled),
            (["2x10-9"], 2.0e-9 * u.dimensionless_unscaled),
            (["---"], u.dimensionless_unscaled),
            (["ma"], u.ma),
            (["mAU"], u.mAU),
            (["uarcmin"], u.uarcmin),
            (["uarcsec"], u.uarcsec),
            (["kbarn"], u.kbarn),
            (["Gbit"], u.Gbit),
            (["Gibit"], 2**30 * u.bit),
            (["kbyte"], u.kbyte),
            (["mRy"], 0.001 * u.Ry),
            (["mmag"], u.mmag),
            (["Mpc"], u.Mpc),
            (["Gyr"], u.Gyr),
            (["°"], u.degree),
            (["°/s"], u.degree / u.s),
            (["Å"], u.AA),
            (["Å/s"], u.AA / u.s),
            (["\\h"], si.h),
            (["[cm/s2]"], dex(u.cm / u.s**2)),
            (["[K]"], dex(u.K)),
            (["[-]"], dex(u.dimensionless_unscaled)),
        ],
    )
    def test_cds_grammar(strings, unit):
        for s in strings:
            print(s)
            unit2 = u_format.CDS.parse(s)
>           assert unit2 == unit
[1m[31mE           assert Unit("km Mpc / s") == Unit("km / (Mpc s)")[0m

s          = 'km/s/Mpc'
strings    = ['km/s/Mpc']
unit       = Unit("km / (Mpc s)")
unit2      = Unit("km Mpc / s")

[1m[31mastropy/units/tests/test_format.py[0m:103: AssertionError
------------------------------------------------------------------------------------------------------------------ Captured stdout call ------------------------------------------------------------------------------------------------------------------
km/s/Mpc
[31m[1m____________________________________________________________________________________________________________ test_cds_grammar[strings6-unit6] ____________________________________________________________________________________________________________[0m

strings = ['10+3J/m/s/kpc2'], unit = Unit("1000 W / (kpc2 m)")

    @pytest.mark.parametrize(
        "strings, unit",
        [
            (["0.1nm"], u.AA),
            (["mW/m2"], u.Unit(u.erg / u.cm**2 / u.s)),
            (["mW/(m2)"], u.Unit(u.erg / u.cm**2 / u.s)),
            (["km/s", "km.s-1"], u.km / u.s),
            (["km/s/Mpc"], u.km / u.s / u.Mpc),
            (["km/(s.Mpc)"], u.km / u.s / u.Mpc),
            (["10+3J/m/s/kpc2"], u.Unit(1e3 * u.W / (u.m * u.kpc**2))),
            (["10pix/nm"], u.Unit(10 * u.pix / u.nm)),
            (["1.5x10+11m"], u.Unit(1.5e11 * u.m)),
            (["1.5×10+11/m"], u.Unit(1.5e11 / u.m)),
            (["/s"], u.s**-1),
            (["m2"], u.m**2),
            (["10+21m"], u.Unit(u.m * 1e21)),
            (["2.54cm"], u.Unit(u.cm * 2.54)),
            (["20%"], 0.20 * u.dimensionless_unscaled),
            (["10+9"], 1.0e9 * u.dimensionless_unscaled),
            (["2x10-9"], 2.0e-9 * u.dimensionless_unscaled),
            (["---"], u.dimensionless_unscaled),
            (["ma"], u.ma),
            (["mAU"], u.mAU),
            (["uarcmin"], u.uarcmin),
            (["uarcsec"], u.uarcsec),
            (["kbarn"], u.kbarn),
            (["Gbit"], u.Gbit),
            (["Gibit"], 2**30 * u.bit),
            (["kbyte"], u.kbyte),
            (["mRy"], 0.001 * u.Ry),
            (["mmag"], u.mmag),
            (["Mpc"], u.Mpc),
            (["Gyr"], u.Gyr),
            (["°"], u.degree),
            (["°/s"], u.degree / u.s),
            (["Å"], u.AA),
            (["Å/s"], u.AA / u.s),
            (["\\h"], si.h),
            (["[cm/s2]"], dex(u.cm / u.s**2)),
            (["[K]"], dex(u.K)),
            (["[-]"], dex(u.dimensionless_unscaled)),
        ],
    )
    def test_cds_grammar(strings, unit):
        for s in strings:
            print(s)
            unit2 = u_format.CDS.parse(s)
>           assert unit2 == unit
[1m[31mE           assert Unit("1000 J s / (kpc2 m)") == Unit("1000 W / (kpc2 m)")[0m

s          = '10+3J/m/s/kpc2'
strings    = ['10+3J/m/s/kpc2']
unit       = Unit("1000 W / (kpc2 m)")
unit2      = Unit("1000 J s / (kpc2 m)")

[1m[31mastropy/units/tests/test_format.py[0m:103: AssertionError
------------------------------------------------------------------------------------------------------------------ Captured stdout call ------------------------------------------------------------------------------------------------------------------
10+3J/m/s/kpc2
[31m[1m___________________________________________________________________________________________________________ test_cds_grammar_fail[km/s.Mpc-1] ____________________________________________________________________________________________________________[0m

string = 'km/s.Mpc-1'

    @pytest.mark.parametrize(
        "string",
        [
            "0.1 nm",
            "solMass(3/2)",
            "km / s",
            "km s-1",
            "km/s.Mpc-1",
            "/s.Mpc",
            "pix0.1nm",
            "pix/(0.1nm)",
            "km*s",
            "km**2",
            "5x8+3m",
            "0.1---",
            "---m",
            "m---",
            "--",
            "0.1-",
            "-m",
            "m-",
            "mag(s-1)",
            "dB(mW)",
            "dex(cm s-2)",
            "[--]",
        ],
    )
    def test_cds_grammar_fail(string):
        with pytest.raises(ValueError):
            print(string)
>           u_format.CDS.parse(string)
[1m[31mE           Failed: DID NOT RAISE <class 'ValueError'>[0m

string     = 'km/s.Mpc-1'

[1m[31mastropy/units/tests/test_format.py[0m:136: Failed
------------------------------------------------------------------------------------------------------------------ Captured stdout call ------------------------------------------------------------------------------------------------------------------
km/s.Mpc-1
========================================================================================================================= PASSES =========================================================================================================================
[32m[1m___________________________________________________________________________________________________________ test_unit_grammar[strings0-unit0] ____________________________________________________________________________________________________________[0m
------------------------------------------------------------------------------------------------------------------ Captured stdout call ------------------------------------------------------------------------------------------------------------------
m s
m*s
m.s
[32m[1m___________________________________________________________________________________________________________ test_unit_grammar[strings1-unit1] ____________________________________________________________________________________________________________[0m
------------------------------------------------------------------------------------------------------------------ Captured stdout call ------------------------------------------------------------------------------------------------------------------
m/s
m*s**-1
m /s
m / s
m/ s
[32m[1m___________________________________________________________________________________________________________ test_unit_grammar[strings2-unit2] ____________________________________________________________________________________________________________[0m
------------------------------------------------------------------------------------------------------------------ Captured stdout call ------------------------------------------------------------------------------------------------------------------
m**2
m2
m**(2)
m**+2
m+2
m^(+2)
[32m[1m___________________________________________________________________________________________________________ test_unit_grammar[strings3-unit3] ____________________________________________________________________________________________________________[0m
------------------------------------------------------------------------------------------------------------------ Captured stdout call ------------------------------------------------------------------------------------------------------------------
m**-3
m-3
m^(-3)
/m3
[32m[1m___________________________________________________________________________________________________________ test_unit_grammar[strings4-unit4] ____________________________________________________________________________________________________________[0m
------------------------------------------------------------------------------------------------------------------ Captured stdout call ------------------------------------------------------------------------------------------------------------------
m**(1.5)
m(3/2)
m**(3/2)
m^(3/2)
[32m[1m___________________________________________________________________________________________________________ test_unit_grammar[strings5-unit5] ____________________________________________________________________________________________________________[0m
------------------------------------------------------------------------------------------------------------------ Captured stdout call ------------------------------------------------------------------------------------------------------------------
2.54 cm
[32m[1m___________________________________________________________________________________________________________ test_unit_grammar[strings6-unit6] ____________________________________________________________________________________________________________[0m
------------------------------------------------------------------------------------------------------------------ Captured stdout call ------------------------------------------------------------------------------------------------------------------
10+8m
[32m[1m___________________________________________________________________________________________________________ test_unit_grammar[strings7-unit7] ____________________________________________________________________________________________________________[0m
------------------------------------------------------------------------------------------------------------------ Captured stdout call ------------------------------------------------------------------------------------------------------------------
sqrt(m)
[32m[1m___________________________________________________________________________________________________________ test_unit_grammar[strings8-unit8] ____________________________________________________________________________________________________________[0m
------------------------------------------------------------------------------------------------------------------ Captured stdout call ------------------------------------------------------------------------------------------------------------------
dB(mW)
dB (mW)
[32m[1m___________________________________________________________________________________________________________ test_unit_grammar[strings9-unit9] ____________________________________________________________________________________________________________[0m
------------------------------------------------------------------------------------------------------------------ Captured stdout call ------------------------------------------------------------------------------------------------------------------
mag
[32m[1m__________________________________________________________________________________________________________ test_unit_grammar[strings10-unit10] ___________________________________________________________________________________________________________[0m
------------------------------------------------------------------------------------------------------------------ Captured stdout call ------------------------------------------------------------------------------------------------------------------
mag(ct/s)
[32m[1m__________________________________________________________________________________________________________ test_unit_grammar[strings11-unit11] ___________________________________________________________________________________________________________[0m
------------------------------------------------------------------------------------------------------------------ Captured stdout call ------------------------------------------------------------------------------------------------------------------
dex
[32m[1m__________________________________________________________________________________________________________ test_unit_grammar[strings12-unit12] ___________________________________________________________________________________________________________[0m
------------------------------------------------------------------------------------------------------------------ Captured stdout call ------------------------------------------------------------------------------------------------------------------
dex(cm s**-2)
dex(cm/s2)
[32m[1m________________________________________________________________________________________________________ test_unit_grammar_fail[sin( /pixel /s)] _________________________________________________________________________________________________________[0m
------------------------------------------------------------------------------------------------------------------ Captured stdout call ------------------------------------------------------------------------------------------------------------------
sin( /pixel /s)
[32m[1m____________________________________________________________________________________________________________ test_unit_grammar_fail[mag(mag)] ____________________________________________________________________________________________________________[0m
------------------------------------------------------------------------------------------------------------------ Captured stdout call ------------------------------------------------------------------------------------------------------------------
mag(mag)
[32m[1m___________________________________________________________________________________________________________ test_unit_grammar_fail[dB(dB(mW))] ___________________________________________________________________________________________________________[0m
------------------------------------------------------------------------------------------------------------------ Captured stdout call ------------------------------------------------------------------------------------------------------------------
dB(dB(mW))
[32m[1m_____________________________________________________________________________________________________________ test_unit_grammar_fail[dex()] ______________________________________________________________________________________________________________[0m
------------------------------------------------------------------------------------------------------------------ Captured stdout call ------------------------------------------------------------------------------------------------------------------
dex()
[32m[1m____________________________________________________________________________________________________________ test_cds_grammar[strings0-unit0] ____________________________________________________________________________________________________________[0m
------------------------------------------------------------------------------------------------------------------ Captured stdout call ------------------------------------------------------------------------------------------------------------------
0.1nm
[32m[1m____________________________________________________________________________________________________________ test_cds_grammar[strings1-unit1] ____________________________________________________________________________________________________________[0m
------------------------------------------------------------------------------------------------------------------ Captured stdout call ------------------------------------------------------------------------------------------------------------------
mW/m2
[32m[1m____________________________________________________________________________________________________________ test_cds_grammar[strings2-unit2] ____________________________________________________________________________________________________________[0m
------------------------------------------------------------------------------------------------------------------ Captured stdout call ------------------------------------------------------------------------------------------------------------------
mW/(m2)
[32m[1m____________________________________________________________________________________________________________ test_cds_grammar[strings3-unit3] ____________________________________________________________________________________________________________[0m
------------------------------------------------------------------------------------------------------------------ Captured stdout call ------------------------------------------------------------------------------------------------------------------
km/s
km.s-1
[32m[1m____________________________________________________________________________________________________________ test_cds_grammar[strings5-unit5] ____________________________________________________________________________________________________________[0m
------------------------------------------------------------------------------------------------------------------ Captured stdout call ------------------------------------------------------------------------------------------------------------------
km/(s.Mpc)
[32m[1m____________________________________________________________________________________________________________ test_cds_grammar[strings7-unit7] ____________________________________________________________________________________________________________[0m
------------------------------------------------------------------------------------------------------------------ Captured stdout call ------------------------------------------------------------------------------------------------------------------
10pix/nm
[32m[1m____________________________________________________________________________________________________________ test_cds_grammar[strings8-unit8] ____________________________________________________________________________________________________________[0m
------------------------------------------------------------------------------------------------------------------ Captured stdout call ------------------------------------------------------------------------------------------------------------------
1.5x10+11m
[32m[1m____________________________________________________________________________________________________________ test_cds_grammar[strings9-unit9] ____________________________________________________________________________________________________________[0m
------------------------------------------------------------------------------------------------------------------ Captured stdout call ------------------------------------------------------------------------------------------------------------------
1.5×10+11/m
[32m[1m___________________________________________________________________________________________________________ test_cds_grammar[strings10-unit10] ___________________________________________________________________________________________________________[0m
------------------------------------------------------------------------------------------------------------------ Captured stdout call ------------------------------------------------------------------------------------------------------------------
/s
[32m[1m___________________________________________________________________________________________________________ test_cds_grammar[strings11-unit11] ___________________________________________________________________________________________________________[0m
------------------------------------------------------------------------------------------------------------------ Captured stdout call ------------------------------------------------------------------------------------------------------------------
m2
[32m[1m___________________________________________________________________________________________________________ test_cds_grammar[strings12-unit12] ___________________________________________________________________________________________________________[0m
------------------------------------------------------------------------------------------------------------------ Captured stdout call ------------------------------------------------------------------------------------------------------------------
10+21m
[32m[1m___________________________________________________________________________________________________________ test_cds_grammar[strings13-unit13] ___________________________________________________________________________________________________________[0m
------------------------------------------------------------------------------------------------------------------ Captured stdout call ------------------------------------------------------------------------------------------------------------------
2.54cm
[32m[1m___________________________________________________________________________________________________________ test_cds_grammar[strings14-unit14] ___________________________________________________________________________________________________________[0m
------------------------------------------------------------------------------------------------------------------ Captured stdout call ------------------------------------------------------------------------------------------------------------------
20%
[32m[1m___________________________________________________________________________________________________________ test_cds_grammar[strings15-unit15] ___________________________________________________________________________________________________________[0m
------------------------------------------------------------------------------------------------------------------ Captured stdout call ------------------------------------------------------------------------------------------------------------------
10+9
[32m[1m___________________________________________________________________________________________________________ test_cds_grammar[strings16-unit16] ___________________________________________________________________________________________________________[0m
------------------------------------------------------------------------------------------------------------------ Captured stdout call ------------------------------------------------------------------------------------------------------------------
2x10-9
[32m[1m___________________________________________________________________________________________________________ test_cds_grammar[strings17-unit17] ___________________________________________________________________________________________________________[0m
------------------------------------------------------------------------------------------------------------------ Captured stdout call ------------------------------------------------------------------------------------------------------------------
---
[32m[1m___________________________________________________________________________________________________________ test_cds_grammar[strings18-unit18] ___________________________________________________________________________________________________________[0m
------------------------------------------------------------------------------------------------------------------ Captured stdout call ------------------------------------------------------------------------------------------------------------------
ma
[32m[1m___________________________________________________________________________________________________________ test_cds_grammar[strings19-unit19] ___________________________________________________________________________________________________________[0m
------------------------------------------------------------------------------------------------------------------ Captured stdout call ------------------------------------------------------------------------------------------------------------------
mAU
[32m[1m___________________________________________________________________________________________________________ test_cds_grammar[strings20-unit20] ___________________________________________________________________________________________________________[0m
------------------------------------------------------------------------------------------------------------------ Captured stdout call ------------------------------------------------------------------------------------------------------------------
uarcmin
[32m[1m___________________________________________________________________________________________________________ test_cds_grammar[strings21-unit21] ___________________________________________________________________________________________________________[0m
------------------------------------------------------------------------------------------------------------------ Captured stdout call ------------------------------------------------------------------------------------------------------------------
uarcsec
[32m[1m___________________________________________________________________________________________________________ test_cds_grammar[strings22-unit22] ___________________________________________________________________________________________________________[0m
------------------------------------------------------------------------------------------------------------------ Captured stdout call ------------------------------------------------------------------------------------------------------------------
kbarn
[32m[1m___________________________________________________________________________________________________________ test_cds_grammar[strings23-unit23] ___________________________________________________________________________________________________________[0m
------------------------------------------------------------------------------------------------------------------ Captured stdout call ------------------------------------------------------------------------------------------------------------------
Gbit
[32m[1m___________________________________________________________________________________________________________ test_cds_grammar[strings24-unit24] ___________________________________________________________________________________________________________[0m
------------------------------------------------------------------------------------------------------------------ Captured stdout call ------------------------------------------------------------------------------------------------------------------
Gibit
[32m[1m___________________________________________________________________________________________________________ test_cds_grammar[strings25-unit25] ___________________________________________________________________________________________________________[0m
------------------------------------------------------------------------------------------------------------------ Captured stdout call ------------------------------------------------------------------------------------------------------------------
kbyte
[32m[1m___________________________________________________________________________________________________________ test_cds_grammar[strings26-unit26] ___________________________________________________________________________________________________________[0m
------------------------------------------------------------------------------------------------------------------ Captured stdout call ------------------------------------------------------------------------------------------------------------------
mRy
[32m[1m___________________________________________________________________________________________________________ test_cds_grammar[strings27-unit27] ___________________________________________________________________________________________________________[0m
------------------------------------------------------------------------------------------------------------------ Captured stdout call ------------------------------------------------------------------------------------------------------------------
mmag
[32m[1m___________________________________________________________________________________________________________ test_cds_grammar[strings28-unit28] ___________________________________________________________________________________________________________[0m
------------------------------------------------------------------------------------------------------------------ Captured stdout call ------------------------------------------------------------------------------------------------------------------
Mpc
[32m[1m___________________________________________________________________________________________________________ test_cds_grammar[strings29-unit29] ___________________________________________________________________________________________________________[0m
------------------------------------------------------------------------------------------------------------------ Captured stdout call ------------------------------------------------------------------------------------------------------------------
Gyr
[32m[1m___________________________________________________________________________________________________________ test_cds_grammar[strings30-unit30] ___________________________________________________________________________________________________________[0m
------------------------------------------------------------------------------------------------------------------ Captured stdout call ------------------------------------------------------------------------------------------------------------------
°
[32m[1m___________________________________________________________________________________________________________ test_cds_grammar[strings31-unit31] ___________________________________________________________________________________________________________[0m
------------------------------------------------------------------------------------------------------------------ Captured stdout call ------------------------------------------------------------------------------------------------------------------
°/s
[32m[1m___________________________________________________________________________________________________________ test_cds_grammar[strings32-unit32] ___________________________________________________________________________________________________________[0m
------------------------------------------------------------------------------------------------------------------ Captured stdout call ------------------------------------------------------------------------------------------------------------------
Å
[32m[1m___________________________________________________________________________________________________________ test_cds_grammar[strings33-unit33] ___________________________________________________________________________________________________________[0m
------------------------------------------------------------------------------------------------------------------ Captured stdout call ------------------------------------------------------------------------------------------------------------------
Å/s
[32m[1m___________________________________________________________________________________________________________ test_cds_grammar[strings34-unit34] ___________________________________________________________________________________________________________[0m
------------------------------------------------------------------------------------------------------------------ Captured stdout call ------------------------------------------------------------------------------------------------------------------
\h
[32m[1m___________________________________________________________________________________________________________ test_cds_grammar[strings35-unit35] ___________________________________________________________________________________________________________[0m
------------------------------------------------------------------------------------------------------------------ Captured stdout call ------------------------------------------------------------------------------------------------------------------
[cm/s2]
[32m[1m___________________________________________________________________________________________________________ test_cds_grammar[strings36-unit36] ___________________________________________________________________________________________________________[0m
------------------------------------------------------------------------------------------------------------------ Captured stdout call ------------------------------------------------------------------------------------------------------------------
[K]
[32m[1m___________________________________________________________________________________________________________ test_cds_grammar[strings37-unit37] ___________________________________________________________________________________________________________[0m
------------------------------------------------------------------------------------------------------------------ Captured stdout call ------------------------------------------------------------------------------------------------------------------
[-]
[32m[1m_____________________________________________________________________________________________________________ test_cds_grammar_fail[0.1 nm] ______________________________________________________________________________________________________________[0m
------------------------------------------------------------------------------------------------------------------ Captured stdout call ------------------------------------------------------------------------------------------------------------------
0.1 nm
[32m[1m__________________________________________________________________________________________________________ test_cds_grammar_fail[solMass(3/2)] ___________________________________________________________________________________________________________[0m
------------------------------------------------------------------------------------------------------------------ Captured stdout call ------------------------------------------------------------------------------------------------------------------
solMass(3/2)
[32m[1m_____________________________________________________________________________________________________________ test_cds_grammar_fail[km / s] ______________________________________________________________________________________________________________[0m
------------------------------------------------------------------------------------------------------------------ Captured stdout call ------------------------------------------------------------------------------------------------------------------
km / s
[32m[1m_____________________________________________________________________________________________________________ test_cds_grammar_fail[km s-1] ______________________________________________________________________________________________________________[0m
------------------------------------------------------------------------------------------------------------------ Captured stdout call ------------------------------------------------------------------------------------------------------------------
km s-1
[32m[1m_____________________________________________________________________________________________________________ test_cds_grammar_fail[/s.Mpc] ______________________________________________________________________________________________________________[0m
------------------------------------------------------------------------------------------------------------------ Captured stdout call ------------------------------------------------------------------------------------------------------------------
/s.Mpc
[32m[1m____________________________________________________________________________________________________________ test_cds_grammar_fail[pix0.1nm] _____________________________________________________________________________________________________________[0m
------------------------------------------------------------------------------------------------------------------ Captured stdout call ------------------------------------------------------------------------------------------------------------------
pix0.1nm
[32m[1m___________________________________________________________________________________________________________ test_cds_grammar_fail[pix/(0.1nm)] ___________________________________________________________________________________________________________[0m
------------------------------------------------------------------------------------------------------------------ Captured stdout call ------------------------------------------------------------------------------------------------------------------
pix/(0.1nm)
[32m[1m______________________________________________________________________________________________________________ test_cds_grammar_fail[km*s] _______________________________________________________________________________________________________________[0m
------------------------------------------------------------------------------------------------------------------ Captured stdout call ------------------------------------------------------------------------------------------------------------------
km*s
[32m[1m______________________________________________________________________________________________________________ test_cds_grammar_fail[km**2] ______________________________________________________________________________________________________________[0m
------------------------------------------------------------------------------------------------------------------ Captured stdout call ------------------------------------------------------------------------------------------------------------------
km**2
[32m[1m_____________________________________________________________________________________________________________ test_cds_grammar_fail[5x8+3m] ______________________________________________________________________________________________________________[0m
------------------------------------------------------------------------------------------------------------------ Captured stdout call ------------------------------------------------------------------------------------------------------------------
5x8+3m
[32m[1m_____________________________________________________________________________________________________________ test_cds_grammar_fail[0.1---] ______________________________________________________________________________________________________________[0m
------------------------------------------------------------------------------------------------------------------ Captured stdout call ------------------------------------------------------------------------------------------------------------------
0.1---
[32m[1m______________________________________________________________________________________________________________ test_cds_grammar_fail[---m] _______________________________________________________________________________________________________________[0m
------------------------------------------------------------------------------------------------------------------ Captured stdout call ------------------------------------------------------------------------------------------------------------------
---m
[32m[1m______________________________________________________________________________________________________________ test_cds_grammar_fail[m---] _______________________________________________________________________________________________________________[0m
------------------------------------------------------------------------------------------------------------------ Captured stdout call ------------------------------------------------------------------------------------------------------------------
m---
[32m[1m_______________________________________________________________________________________________________________ test_cds_grammar_fail[--] ________________________________________________________________________________________________________________[0m
------------------------------------------------------------------------------------------------------------------ Captured stdout call ------------------------------------------------------------------------------------------------------------------
--
[32m[1m______________________________________________________________________________________________________________ test_cds_grammar_fail[0.1-] _______________________________________________________________________________________________________________[0m
------------------------------------------------------------------------------------------------------------------ Captured stdout call ------------------------------------------------------------------------------------------------------------------
0.1-
[32m[1m_______________________________________________________________________________________________________________ test_cds_grammar_fail[-m] ________________________________________________________________________________________________________________[0m
------------------------------------------------------------------------------------------------------------------ Captured stdout call ------------------------------------------------------------------------------------------------------------------
-m
[32m[1m_______________________________________________________________________________________________________________ test_cds_grammar_fail[m-] ________________________________________________________________________________________________________________[0m
------------------------------------------------------------------------------------------------------------------ Captured stdout call ------------------------------------------------------------------------------------------------------------------
m-
[32m[1m____________________________________________________________________________________________________________ test_cds_grammar_fail[mag(s-1)] _____________________________________________________________________________________________________________[0m
------------------------------------------------------------------------------------------------------------------ Captured stdout call ------------------------------------------------------------------------------------------------------------------
mag(s-1)
[32m[1m_____________________________________________________________________________________________________________ test_cds_grammar_fail[dB(mW)] ______________________________________________________________________________________________________________[0m
------------------------------------------------------------------------------------------------------------------ Captured stdout call ------------------------------------------------------------------------------------------------------------------
dB(mW)
[32m[1m___________________________________________________________________________________________________________ test_cds_grammar_fail[dex(cm s-2)] ___________________________________________________________________________________________________________[0m
------------------------------------------------------------------------------------------------------------------ Captured stdout call ------------------------------------------------------------------------------------------------------------------
dex(cm s-2)
[32m[1m______________________________________________________________________________________________________________ test_cds_grammar_fail[[--]] _______________________________________________________________________________________________________________[0m
------------------------------------------------------------------------------------------------------------------ Captured stdout call ------------------------------------------------------------------------------------------------------------------
[--]
[32m[1m___________________________________________________________________________________________________________ test_ogip_grammar[strings0-unit0] ____________________________________________________________________________________________________________[0m
------------------------------------------------------------------------------------------------------------------ Captured stdout call ------------------------------------------------------------------------------------------------------------------
count /s
count/s
count s**(-1)
count / s
count /s 
[32m[1m___________________________________________________________________________________________________________ test_ogip_grammar[strings1-unit1] ____________________________________________________________________________________________________________[0m
------------------------------------------------------------------------------------------------------------------ Captured stdout call ------------------------------------------------------------------------------------------------------------------
/pixel /s
/(pixel * s)
[32m[1m___________________________________________________________________________________________________________ test_ogip_grammar[strings2-unit2] ____________________________________________________________________________________________________________[0m
------------------------------------------------------------------------------------------------------------------ Captured stdout call ------------------------------------------------------------------------------------------------------------------
count /m**2 /s /eV
count m**(-2) * s**(-1) * eV**(-1)
count /(m**2 * s * eV)
[32m[1m___________________________________________________________________________________________________________ test_ogip_grammar[strings3-unit3] ____________________________________________________________________________________________________________[0m
------------------------------------------------------------------------------------------------------------------ Captured stdout call ------------------------------------------------------------------------------------------------------------------
erg /pixel /s /GHz
erg /s /GHz /pixel
erg /pixel /(s * GHz)
[32m[1m___________________________________________________________________________________________________________ test_ogip_grammar[strings4-unit4] ____________________________________________________________________________________________________________[0m
------------------------------------------------------------------------------------------------------------------ Captured stdout call ------------------------------------------------------------------------------------------------------------------
keV**2 /yr /angstrom
10**(10) keV**2 /yr /m
[32m[1m___________________________________________________________________________________________________________ test_ogip_grammar[strings5-unit5] ____________________________________________________________________________________________________________[0m
------------------------------------------------------------------------------------------------------------------ Captured stdout call ------------------------------------------------------------------------------------------------------------------
10**(46) erg /s
10**46 erg /s
10**(39) J /s
10**(39) W
10**(15) YW
YJ /fs
[32m[1m___________________________________________________________________________________________________________ test_ogip_grammar[strings6-unit6] ____________________________________________________________________________________________________________[0m
------------------------------------------------------------------------------------------------------------------ Captured stdout call ------------------------------------------------------------------------------------------------------------------
10**(-7) J /cm**2 /MeV
10**(-9) J m**(-2) eV**(-1)
nJ m**(-2) eV**(-1)
nJ /m**2 /eV
[32m[1m___________________________________________________________________________________________________________ test_ogip_grammar[strings7-unit7] ____________________________________________________________________________________________________________[0m
------------------------------------------------------------------------------------------------------------------ Captured stdout call ------------------------------------------------------------------------------------------------------------------
sqrt(erg /pixel /s /GHz)
(erg /pixel /s /GHz)**(0.5)
(erg /pixel /s /GHz)**(1/2)
erg**(0.5) pixel**(-0.5) s**(-0.5) GHz**(-0.5)
[32m[1m___________________________________________________________________________________________________________ test_ogip_grammar[strings8-unit8] ____________________________________________________________________________________________________________[0m
------------------------------------------------------------------------------------------------------------------ Captured stdout call ------------------------------------------------------------------------------------------------------------------
(count /s) (/pixel /s)
(count /s) * (/pixel /s)
count /pixel /s**2
[32m[1m____________________________________________________________________________________________________ test_ogip_grammar_fail[log(photon /m**2 /s /Hz)] ____________________________________________________________________________________________________[0m
------------------------------------------------------------------------------------------------------------------ Captured stdout call ------------------------------------------------------------------------------------------------------------------
log(photon /m**2 /s /Hz)
[32m[1m________________________________________________________________________________________________________ test_ogip_grammar_fail[sin( /pixel /s)] _________________________________________________________________________________________________________[0m
------------------------------------------------------------------------------------------------------------------ Captured stdout call ------------------------------------------------------------------------------------------------------------------
sin( /pixel /s)
[32m[1m__________________________________________________________________________________________ test_ogip_grammar_fail[log(photon /cm**2 /s /Hz) /(sin( /pixel /s))] __________________________________________________________________________________________[0m
------------------------------------------------------------------------------------------------------------------ Captured stdout call ------------------------------------------------------------------------------------------------------------------
log(photon /cm**2 /s /Hz) /(sin( /pixel /s))
[32m[1m_______________________________________________________________________________________ test_ogip_grammar_fail[log(photon /cm**2 /s /Hz) (sin( /pixel /s))**(-1)] ________________________________________________________________________________________[0m
------------------------------------------------------------------------------------------------------------------ Captured stdout call ------------------------------------------------------------------------------------------------------------------
log(photon /cm**2 /s /Hz) (sin( /pixel /s))**(-1)
[32m[1m_____________________________________________________________________________________________________________ test_ogip_grammar_fail[dB(mW)] _____________________________________________________________________________________________________________[0m
------------------------------------------------------------------------------------------------------------------ Captured stdout call ------------------------------------------------------------------------------------------------------------------
dB(mW)
[32m[1m__________________________________________________________________________________________________________ test_ogip_grammar_fail[dex(cm/s**2)] __________________________________________________________________________________________________________[0m
------------------------------------------------------------------------------------------------------------------ Captured stdout call ------------------------------------------------------------------------------------------------------------------
dex(cm/s**2)
[32m[1m_____________________________________________________________________________________________________________ test_fits_function[mag(ct/s)] ______________________________________________________________________________________________________________[0m
------------------------------------------------------------------------------------------------------------------ Captured stdout call ------------------------------------------------------------------------------------------------------------------
mag(ct/s)
[32m[1m_______________________________________________________________________________________________________________ test_fits_function[dB(mW)] _______________________________________________________________________________________________________________[0m
------------------------------------------------------------------------------------------------------------------ Captured stdout call ------------------------------------------------------------------------------------------------------------------
dB(mW)
[32m[1m___________________________________________________________________________________________________________ test_fits_function[dex(cm s**-2)] ____________________________________________________________________________________________________________[0m
------------------------------------------------------------------------------------------------------------------ Captured stdout call ------------------------------------------------------------------------------------------------------------------
dex(cm s**-2)
[36m[1m================================================================================================================ short test summary info =================================================================================================================[0m
[32mPASSED[0m astropy/units/tests/test_format.py::[1mtest_unit_grammar[strings0-unit0][0m
[32mPASSED[0m astropy/units/tests/test_format.py::[1mtest_unit_grammar[strings1-unit1][0m
[32mPASSED[0m astropy/units/tests/test_format.py::[1mtest_unit_grammar[strings2-unit2][0m
[32mPASSED[0m astropy/units/tests/test_format.py::[1mtest_unit_grammar[strings3-unit3][0m
[32mPASSED[0m astropy/units/tests/test_format.py::[1mtest_unit_grammar[strings4-unit4][0m
[32mPASSED[0m astropy/units/tests/test_format.py::[1mtest_unit_grammar[strings5-unit5][0m
[32mPASSED[0m astropy/units/tests/test_format.py::[1mtest_unit_grammar[strings6-unit6][0m
[32mPASSED[0m astropy/units/tests/test_format.py::[1mtest_unit_grammar[strings7-unit7][0m
[32mPASSED[0m astropy/units/tests/test_format.py::[1mtest_unit_grammar[strings8-unit8][0m
[32mPASSED[0m astropy/units/tests/test_format.py::[1mtest_unit_grammar[strings9-unit9][0m
[32mPASSED[0m astropy/units/tests/test_format.py::[1mtest_unit_grammar[strings10-unit10][0m
[32mPASSED[0m astropy/units/tests/test_format.py::[1mtest_unit_grammar[strings11-unit11][0m
[32mPASSED[0m astropy/units/tests/test_format.py::[1mtest_unit_grammar[strings12-unit12][0m
[32mPASSED[0m astropy/units/tests/test_format.py::[1mtest_unit_grammar_fail[sin( /pixel /s)][0m
[32mPASSED[0m astropy/units/tests/test_format.py::[1mtest_unit_grammar_fail[mag(mag)][0m
[32mPASSED[0m astropy/units/tests/test_format.py::[1mtest_unit_grammar_fail[dB(dB(mW))][0m
[32mPASSED[0m astropy/units/tests/test_format.py::[1mtest_unit_grammar_fail[dex()][0m
[32mPASSED[0m astropy/units/tests/test_format.py::[1mtest_cds_grammar[strings0-unit0][0m
[32mPASSED[0m astropy/units/tests/test_format.py::[1mtest_cds_grammar[strings1-unit1][0m
[32mPASSED[0m astropy/units/tests/test_format.py::[1mtest_cds_grammar[strings2-unit2][0m
[32mPASSED[0m astropy/units/tests/test_format.py::[1mtest_cds_grammar[strings3-unit3][0m
[32mPASSED[0m astropy/units/tests/test_format.py::[1mtest_cds_grammar[strings5-unit5][0m
[32mPASSED[0m astropy/units/tests/test_format.py::[1mtest_cds_grammar[strings7-unit7][0m
[32mPASSED[0m astropy/units/tests/test_format.py::[1mtest_cds_grammar[strings8-unit8][0m
[32mPASSED[0m astropy/units/tests/test_format.py::[1mtest_cds_grammar[strings9-unit9][0m
[32mPASSED[0m astropy/units/tests/test_format.py::[1mtest_cds_grammar[strings10-unit10][0m
[32mPASSED[0m astropy/units/tests/test_format.py::[1mtest_cds_grammar[strings11-unit11][0m
[32mPASSED[0m astropy/units/tests/test_format.py::[1mtest_cds_grammar[strings12-unit12][0m
[32mPASSED[0m astropy/units/tests/test_format.py::[1mtest_cds_grammar[strings13-unit13][0m
[32mPASSED[0m astropy/units/tests/test_format.py::[1mtest_cds_grammar[strings14-unit14][0m
[32mPASSED[0m astropy/units/tests/test_format.py::[1mtest_cds_grammar[strings15-unit15][0m
[32mPASSED[0m astropy/units/tests/test_format.py::[1mtest_cds_grammar[strings16-unit16][0m
[32mPASSED[0m astropy/units/tests/test_format.py::[1mtest_cds_grammar[strings17-unit17][0m
[32mPASSED[0m astropy/units/tests/test_format.py::[1mtest_cds_grammar[strings18-unit18][0m
[32mPASSED[0m astropy/units/tests/test_format.py::[1mtest_cds_grammar[strings19-unit19][0m
[32mPASSED[0m astropy/units/tests/test_format.py::[1mtest_cds_grammar[strings20-unit20][0m
[32mPASSED[0m astropy/units/tests/test_format.py::[1mtest_cds_grammar[strings21-unit21][0m
[32mPASSED[0m astropy/units/tests/test_format.py::[1mtest_cds_grammar[strings22-unit22][0m
[32mPASSED[0m astropy/units/tests/test_format.py::[1mtest_cds_grammar[strings23-unit23][0m
[32mPASSED[0m astropy/units/tests/test_format.py::[1mtest_cds_grammar[strings24-unit24][0m
[32mPASSED[0m astropy/units/tests/test_format.py::[1mtest_cds_grammar[strings25-unit25][0m
[32mPASSED[0m astropy/units/tests/test_format.py::[1mtest_cds_grammar[strings26-unit26][0m
[32mPASSED[0m astropy/units/tests/test_format.py::[1mtest_cds_grammar[strings27-unit27][0m
[32mPASSED[0m astropy/units/tests/test_format.py::[1mtest_cds_grammar[strings28-unit28][0m
[32mPASSED[0m astropy/units/tests/test_format.py::[1mtest_cds_grammar[strings29-unit29][0m
[32mPASSED[0m astropy/units/tests/test_format.py::[1mtest_cds_grammar[strings30-unit30][0m
[32mPASSED[0m astropy/units/tests/test_format.py::[1mtest_cds_grammar[strings31-unit31][0m
[32mPASSED[0m astropy/units/tests/test_format.py::[1mtest_cds_grammar[strings32-unit32][0m
[32mPASSED[0m astropy/units/tests/test_format.py::[1mtest_cds_grammar[strings33-unit33][0m
[32mPASSED[0m astropy/units/tests/test_format.py::[1mtest_cds_grammar[strings34-unit34][0m
[32mPASSED[0m astropy/units/tests/test_format.py::[1mtest_cds_grammar[strings35-unit35][0m
[32mPASSED[0m astropy/units/tests/test_format.py::[1mtest_cds_grammar[strings36-unit36][0m
[32mPASSED[0m astropy/units/tests/test_format.py::[1mtest_cds_grammar[strings37-unit37][0m
[32mPASSED[0m astropy/units/tests/test_format.py::[1mtest_cds_grammar_fail[0.1 nm][0m
[32mPASSED[0m astropy/units/tests/test_format.py::[1mtest_cds_grammar_fail[solMass(3/2)][0m
[32mPASSED[0m astropy/units/tests/test_format.py::[1mtest_cds_grammar_fail[km / s][0m
[32mPASSED[0m astropy/units/tests/test_format.py::[1mtest_cds_grammar_fail[km s-1][0m
[32mPASSED[0m astropy/units/tests/test_format.py::[1mtest_cds_grammar_fail[/s.Mpc][0m
[32mPASSED[0m astropy/units/tests/test_format.py::[1mtest_cds_grammar_fail[pix0.1nm][0m
[32mPASSED[0m astropy/units/tests/test_format.py::[1mtest_cds_grammar_fail[pix/(0.1nm)][0m
[32mPASSED[0m astropy/units/tests/test_format.py::[1mtest_cds_grammar_fail[km*s][0m
[32mPASSED[0m astropy/units/tests/test_format.py::[1mtest_cds_grammar_fail[km**2][0m
[32mPASSED[0m astropy/units/tests/test_format.py::[1mtest_cds_grammar_fail[5x8+3m][0m
[32mPASSED[0m astropy/units/tests/test_format.py::[1mtest_cds_grammar_fail[0.1---][0m
[32mPASSED[0m astropy/units/tests/test_format.py::[1mtest_cds_grammar_fail[---m][0m
[32mPASSED[0m astropy/units/tests/test_format.py::[1mtest_cds_grammar_fail[m---][0m
[32mPASSED[0m astropy/units/tests/test_format.py::[1mtest_cds_grammar_fail[--][0m
[32mPASSED[0m astropy/units/tests/test_format.py::[1mtest_cds_grammar_fail[0.1-][0m
[32mPASSED[0m astropy/units/tests/test_format.py::[1mtest_cds_grammar_fail[-m][0m
[32mPASSED[0m astropy/units/tests/test_format.py::[1mtest_cds_grammar_fail[m-][0m
[32mPASSED[0m astropy/units/tests/test_format.py::[1mtest_cds_grammar_fail[mag(s-1)][0m
[32mPASSED[0m astropy/units/tests/test_format.py::[1mtest_cds_grammar_fail[dB(mW)][0m
[32mPASSED[0m astropy/units/tests/test_format.py::[1mtest_cds_grammar_fail[dex(cm s-2)][0m
[32mPASSED[0m astropy/units/tests/test_format.py::[1mtest_cds_grammar_fail[[--]][0m
[32mPASSED[0m astropy/units/tests/test_format.py::[1mtest_cds_dimensionless[0m
[32mPASSED[0m astropy/units/tests/test_format.py::[1mtest_cds_log10_dimensionless[0m
[32mPASSED[0m astropy/units/tests/test_format.py::[1mtest_ogip_grammar[strings0-unit0][0m
[32mPASSED[0m astropy/units/tests/test_format.py::[1mtest_ogip_grammar[strings1-unit1][0m
[32mPASSED[0m astropy/units/tests/test_format.py::[1mtest_ogip_grammar[strings2-unit2][0m
[32mPASSED[0m astropy/units/tests/test_format.py::[1mtest_ogip_grammar[strings3-unit3][0m
[32mPASSED[0m astropy/units/tests/test_format.py::[1mtest_ogip_grammar[strings4-unit4][0m
[32mPASSED[0m astropy/units/tests/test_format.py::[1mtest_ogip_grammar[strings5-unit5][0m
[32mPASSED[0m astropy/units/tests/test_format.py::[1mtest_ogip_grammar[strings6-unit6][0m
[32mPASSED[0m astropy/units/tests/test_format.py::[1mtest_ogip_grammar[strings7-unit7][0m
[32mPASSED[0m astropy/units/tests/test_format.py::[1mtest_ogip_grammar[strings8-unit8][0m
[32mPASSED[0m astropy/units/tests/test_format.py::[1mtest_ogip_grammar_fail[log(photon /m**2 /s /Hz)][0m
[32mPASSED[0m astropy/units/tests/test_format.py::[1mtest_ogip_grammar_fail[sin( /pixel /s)][0m
[32mPASSED[0m astropy/units/tests/test_format.py::[1mtest_ogip_grammar_fail[log(photon /cm**2 /s /Hz) /(sin( /pixel /s))][0m
[32mPASSED[0m astropy/units/tests/test_format.py::[1mtest_ogip_grammar_fail[log(photon /cm**2 /s /Hz) (sin( /pixel /s))**(-1)][0m
[32mPASSED[0m astropy/units/tests/test_format.py::[1mtest_ogip_grammar_fail[dB(mW)][0m
[32mPASSED[0m astropy/units/tests/test_format.py::[1mtest_ogip_grammar_fail[dex(cm/s**2)][0m
[32mPASSED[0m astropy/units/tests/test_format.py::[1mTestRoundtripGeneric::test_roundtrip[unit0][0m
[32mPASSED[0m astropy/units/tests/test_format.py::[1mTestRoundtripGeneric::test_roundtrip[unit1][0m
[32mPASSED[0m astropy/units/tests/test_format.py::[1mTestRoundtripGeneric::test_roundtrip[unit2][0m
[32mPASSED[0m astropy/units/tests/test_format.py::[1mTestRoundtripGeneric::test_roundtrip[unit3][0m
[32mPASSED[0m astropy/units/tests/test_format.py::[1mTestRoundtripGeneric::test_roundtrip[unit4][0m
[32mPASSED[0m astropy/units/tests/test_format.py::[1mTestRoundtripGeneric::test_roundtrip[unit5][0m
[32mPASSED[0m astropy/units/tests/test_format.py::[1mTestRoundtripGeneric::test_roundtrip[unit6][0m
[32mPASSED[0m astropy/units/tests/test_format.py::[1mTestRoundtripGeneric::test_roundtrip[unit7][0m
[32mPASSED[0m astropy/units/tests/test_format.py::[1mTestRoundtripGeneric::test_roundtrip[unit8][0m
[32mPASSED[0m astropy/units/tests/test_format.py::[1mTestRoundtripGeneric::test_roundtrip[unit9][0m
[32mPASSED[0m astropy/units/tests/test_format.py::[1mTestRoundtripGeneric::test_roundtrip[unit10][0m
[32mPASSED[0m astropy/units/tests/test_format.py::[1mTestRoundtripGeneric::test_roundtrip[unit11][0m
[32mPASSED[0m astropy/units/tests/test_format.py::[1mTestRoundtripGeneric::test_roundtrip[unit12][0m
[32mPASSED[0m astropy/units/tests/test_format.py::[1mTestRoundtripGeneric::test_roundtrip[unit13][0m
[32mPASSED[0m astropy/units/tests/test_format.py::[1mTestRoundtripGeneric::test_roundtrip[unit14][0m
[32mPASSED[0m astropy/units/tests/test_format.py::[1mTestRoundtripGeneric::test_roundtrip[unit15][0m
[32mPASSED[0m astropy/units/tests/test_format.py::[1mTestRoundtripGeneric::test_roundtrip[unit16][0m
[32mPASSED[0m astropy/units/tests/test_format.py::[1mTestRoundtripGeneric::test_roundtrip[unit17][0m
[32mPASSED[0m astropy/units/tests/test_format.py::[1mTestRoundtripGeneric::test_roundtrip[unit18][0m
[32mPASSED[0m astropy/units/tests/test_format.py::[1mTestRoundtripGeneric::test_roundtrip[unit19][0m
[32mPASSED[0m astropy/units/tests/test_format.py::[1mTestRoundtripGeneric::test_roundtrip[unit20][0m
[32mPASSED[0m astropy/units/tests/test_format.py::[1mTestRoundtripGeneric::test_roundtrip[unit21][0m
[32mPASSED[0m astropy/units/tests/test_format.py::[1mTestRoundtripGeneric::test_roundtrip[unit22][0m
[32mPASSED[0m astropy/units/tests/test_format.py::[1mTestRoundtripGeneric::test_roundtrip[unit23][0m
[32mPASSED[0m astropy/units/tests/test_format.py::[1mTestRoundtripGeneric::test_roundtrip[unit24][0m
[32mPASSED[0m astropy/units/tests/test_format.py::[1mTestRoundtripGeneric::test_roundtrip[unit25][0m
[32mPASSED[0m astropy/units/tests/test_format.py::[1mTestRoundtripGeneric::test_roundtrip[unit26][0m
[32mPASSED[0m astropy/units/tests/test_format.py::[1mTestRoundtripGeneric::test_roundtrip[unit27][0m
[32mPASSED[0m astropy/units/tests/test_format.py::[1mTestRoundtripGeneric::test_roundtrip[unit28][0m
[32mPASSED[0m astropy/units/tests/test_format.py::[1mTestRoundtripGeneric::test_roundtrip[unit29][0m
[32mPASSED[0m astropy/units/tests/test_format.py::[1mTestRoundtripGeneric::test_roundtrip[unit30][0m
[32mPASSED[0m astropy/units/tests/test_format.py::[1mTestRoundtripGeneric::test_roundtrip[unit31][0m
[32mPASSED[0m astropy/units/tests/test_format.py::[1mTestRoundtripGeneric::test_roundtrip[unit32][0m
[32mPASSED[0m astropy/units/tests/test_format.py::[1mTestRoundtripGeneric::test_roundtrip[unit33][0m
[32mPASSED[0m astropy/units/tests/test_format.py::[1mTestRoundtripGeneric::test_roundtrip[unit34][0m
[32mPASSED[0m astropy/units/tests/test_format.py::[1mTestRoundtripGeneric::test_roundtrip[unit35][0m
[32mPASSED[0m astropy/units/tests/test_format.py::[1mTestRoundtripGeneric::test_roundtrip[unit36][0m
[32mPASSED[0m astropy/units/tests/test_format.py::[1mTestRoundtripGeneric::test_roundtrip[unit37][0m
[32mPASSED[0m astropy/units/tests/test_format.py::[1mTestRoundtripGeneric::test_roundtrip[unit38][0m
[32mPASSED[0m astropy/units/tests/test_format.py::[1mTestRoundtripGeneric::test_roundtrip[unit39][0m
[32mPASSED[0m astropy/units/tests/test_format.py::[1mTestRoundtripGeneric::test_roundtrip[unit40][0m
[32mPASSED[0m astropy/units/tests/test_format.py::[1mTestRoundtripGeneric::test_roundtrip[unit41][0m
[32mPASSED[0m astropy/units/tests/test_format.py::[1mTestRoundtripGeneric::test_roundtrip[unit42][0m
[32mPASSED[0m astropy/units/tests/test_format.py::[1mTestRoundtripGeneric::test_roundtrip[unit43][0m
[32mPASSED[0m astropy/units/tests/test_format.py::[1mTestRoundtripGeneric::test_roundtrip[unit44][0m
[32mPASSED[0m astropy/units/tests/test_format.py::[1mTestRoundtripGeneric::test_roundtrip[unit45][0m
[32mPASSED[0m astropy/units/tests/test_format.py::[1mTestRoundtripGeneric::test_roundtrip[unit46][0m
[32mPASSED[0m astropy/units/tests/test_format.py::[1mTestRoundtripGeneric::test_roundtrip[unit47][0m
[32mPASSED[0m astropy/units/tests/test_format.py::[1mTestRoundtripGeneric::test_roundtrip[unit48][0m
[32mPASSED[0m astropy/units/tests/test_format.py::[1mTestRoundtripGeneric::test_roundtrip[unit49][0m
[32mPASSED[0m astropy/units/tests/test_format.py::[1mTestRoundtripGeneric::test_roundtrip[unit50][0m
[32mPASSED[0m astropy/units/tests/test_format.py::[1mTestRoundtripGeneric::test_roundtrip[unit51][0m
[32mPASSED[0m astropy/units/tests/test_format.py::[1mTestRoundtripGeneric::test_roundtrip[unit52][0m
[32mPASSED[0m astropy/units/tests/test_format.py::[1mTestRoundtripGeneric::test_roundtrip[unit53][0m
[32mPASSED[0m astropy/units/tests/test_format.py::[1mTestRoundtripGeneric::test_roundtrip[unit54][0m
[...]
[32mPASSED[0m astropy/units/tests/test_format.py::[1mTestRoundtripCDS::test_roundtrip[unit72][0m
[32mPASSED[0m astropy/units/tests/test_format.py::[1mTestRoundtripCDS::test_roundtrip[unit73][0m
[32mPASSED[0m astropy/units/tests/test_format.py::[1mTestRoundtripCDS::test_roundtrip[unit74][0m
[32mPASSED[0m astropy/units/tests/test_format.py::[1mTestRoundtripCDS::test_roundtrip[unit75][0m
[32mPASSED[0m astropy/units/tests/test_format.py::[1mTestRoundtripCDS::test_roundtrip[unit76][0m
[32mPASSED[0m astropy/units/tests/test_format.py::[1mTestRoundtripCDS::test_roundtrip[unit77][0m
[32mPASSED[0m astropy/units/tests/test_format.py::[1mTestRoundtripCDS::test_roundtrip[unit78][0m
[32mPASSED[0m astropy/units/tests/test_format.py::[1mTestRoundtripCDS::test_roundtrip[unit79][0m
[32mPASSED[0m astropy/units/tests/test_format.py::[1mTestRoundtripCDS::test_roundtrip[unit80][0m
[32mPASSED[0m astropy/units/tests/test_format.py::[1mTestRoundtripCDS::test_roundtrip[unit81][0m
[32mPASSED[0m astropy/units/tests/test_format.py::[1mTestRoundtripCDS::test_roundtrip[unit82][0m
[32mPASSED[0m astropy/units/tests/test_format.py::[1mTestRoundtripCDS::test_roundtrip[unit83][0m
[32mPASSED[0m astropy/units/tests/test_format.py::[1mTestRoundtripCDS::test_roundtrip[unit84][0m
[32mPASSED[0m astropy/units/tests/test_format.py::[1mTestRoundtripCDS::test_roundtrip[unit85][0m
[32mPASSED[0m astropy/units/tests/test_format.py::[1mTestRoundtripCDS::test_roundtrip[unit86][0m
[32mPASSED[0m astropy/units/tests/test_format.py::[1mTestRoundtripCDS::test_roundtrip[unit87][0m
[32mPASSED[0m astropy/units/tests/test_format.py::[1mTestRoundtripCDS::test_roundtrip[unit88][0m
[32mPASSED[0m astropy/units/tests/test_format.py::[1mTestRoundtripCDS::test_roundtrip[unit89][0m
[32mPASSED[0m astropy/units/tests/test_format.py::[1mTestRoundtripCDS::test_roundtrip[unit90][0m
[32mPASSED[0m astropy/units/tests/test_format.py::[1mTestRoundtripCDS::test_roundtrip[unit91][0m
[32mPASSED[0m astropy/units/tests/test_format.py::[1mTestRoundtripCDS::test_roundtrip[unit92][0m
[32mPASSED[0m astropy/units/tests/test_format.py::[1mTestRoundtripCDS::test_roundtrip[unit93][0m
[32mPASSED[0m astropy/units/tests/test_format.py::[1mTestRoundtripCDS::test_roundtrip[unit94][0m
[32mPASSED[0m astropy/units/tests/test_format.py::[1mTestRoundtripCDS::test_roundtrip[unit95][0m
[32mPASSED[0m astropy/units/tests/test_format.py::[1mTestRoundtripCDS::test_roundtrip[unit96][0m
[32mPASSED[0m astropy/units/tests/test_format.py::[1mTestRoundtripCDS::test_roundtrip[unit97][0m
[32mPASSED[0m astropy/units/tests/test_format.py::[1mTestRoundtripCDS::test_roundtrip[unit98][0m
[32mPASSED[0m astropy/units/tests/test_format.py::[1mTestRoundtripCDS::test_roundtrip[unit99][0m
[32mPASSED[0m astropy/units/tests/test_format.py::[1mTestRoundtripCDS::test_roundtrip[unit100][0m
[32mPASSED[0m astropy/units/tests/test_format.py::[1mTestRoundtripCDS::test_roundtrip[unit101][0m
[32mPASSED[0m astropy/units/tests/test_format.py::[1mTestRoundtripCDS::test_roundtrip[unit102][0m
[32mPASSED[0m astropy/units/tests/test_format.py::[1mTestRoundtripCDS::test_roundtrip[unit103][0m
[32mPASSED[0m astropy/units/tests/test_format.py::[1mTestRoundtripCDS::test_roundtrip[unit104][0m
[32mPASSED[0m astropy/units/tests/test_format.py::[1mTestRoundtripCDS::test_roundtrip[unit105][0m
[32mPASSED[0m astropy/units/tests/test_format.py::[1mTestRoundtripCDS::test_roundtrip_dex[unit0][0m
[32mPASSED[0m astropy/units/tests/test_format.py::[1mTestRoundtripCDS::test_roundtrip_dex[unit1][0m
[32mPASSED[0m astropy/units/tests/test_format.py::[1mTestRoundtripCDS::test_roundtrip_dex[unit2][0m
[32mPASSED[0m astropy/units/tests/test_format.py::[1mTestRoundtripOGIP::test_roundtrip[unit0][0m
[32mPASSED[0m astropy/units/tests/test_format.py::[1mTestRoundtripOGIP::test_roundtrip[unit1][0m
[32mPASSED[0m astropy/units/tests/test_format.py::[1mTestRoundtripOGIP::test_roundtrip[unit2][0m
[32mPASSED[0m astropy/units/tests/test_format.py::[1mTestRoundtripOGIP::test_roundtrip[unit3][0m
[32mPASSED[0m astropy/units/tests/test_format.py::[1mTestRoundtripOGIP::test_roundtrip[unit4][0m
[32mPASSED[0m astropy/units/tests/test_format.py::[1mTestRoundtripOGIP::test_roundtrip[unit5][0m
[32mPASSED[0m astropy/units/tests/test_format.py::[1mTestRoundtripOGIP::test_roundtrip[unit6][0m
[32mPASSED[0m astropy/units/tests/test_format.py::[1mTestRoundtripOGIP::test_roundtrip[unit7][0m
[32mPASSED[0m astropy/units/tests/test_format.py::[1mTestRoundtripOGIP::test_roundtrip[unit8][0m
[32mPASSED[0m astropy/units/tests/test_format.py::[1mTestRoundtripOGIP::test_roundtrip[unit9][0m
[32mPASSED[0m astropy/units/tests/test_format.py::[1mTestRoundtripOGIP::test_roundtrip[unit10][0m
[32mPASSED[0m astropy/units/tests/test_format.py::[1mTestRoundtripOGIP::test_roundtrip[unit11][0m
[32mPASSED[0m astropy/units/tests/test_format.py::[1mTestRoundtripOGIP::test_roundtrip[unit12][0m
[32mPASSED[0m astropy/units/tests/test_format.py::[1mTestRoundtripOGIP::test_roundtrip[unit13][0m
[32mPASSED[0m astropy/units/tests/test_format.py::[1mTestRoundtripOGIP::test_roundtrip[unit14][0m
[32mPASSED[0m astropy/units/tests/test_format.py::[1mTestRoundtripOGIP::test_roundtrip[unit15][0m
[32mPASSED[0m astropy/units/tests/test_format.py::[1mTestRoundtripOGIP::test_roundtrip[unit16][0m
[32mPASSED[0m astropy/units/tests/test_format.py::[1mTestRoundtripOGIP::test_roundtrip[unit17][0m
[32mPASSED[0m astropy/units/tests/test_format.py::[1mTestRoundtripOGIP::test_roundtrip[unit18][0m
[32mPASSED[0m astropy/units/tests/test_format.py::[1mTestRoundtripOGIP::test_roundtrip[unit19][0m
[32mPASSED[0m astropy/units/tests/test_format.py::[1mTestRoundtripOGIP::test_roundtrip[unit20][0m
[32mPASSED[0m astropy/units/tests/test_format.py::[1mTestRoundtripOGIP::test_roundtrip[unit21][0m
[32mPASSED[0m astropy/units/tests/test_format.py::[1mTestRoundtripOGIP::test_roundtrip[unit22][0m
[32mPASSED[0m astropy/units/tests/test_format.py::[1mTestRoundtripOGIP::test_roundtrip[unit23][0m
[32mPASSED[0m astropy/units/tests/test_format.py::[1mTestRoundtripOGIP::test_roundtrip[unit24][0m
[32mPASSED[0m astropy/units/tests/test_format.py::[1mTestRoundtripOGIP::test_roundtrip[unit25][0m
[32mPASSED[0m astropy/units/tests/test_format.py::[1mTestRoundtripOGIP::test_roundtrip[unit26][0m
[32mPASSED[0m astropy/units/tests/test_format.py::[1mTestRoundtripOGIP::test_roundtrip[unit27][0m
[32mPASSED[0m astropy/units/tests/test_format.py::[1mTestRoundtripOGIP::test_roundtrip[unit28][0m
[32mPASSED[0m astropy/units/tests/test_format.py::[1mTestRoundtripOGIP::test_roundtrip[unit29][0m
[32mPASSED[0m astropy/units/tests/test_format.py::[1mTestRoundtripOGIP::test_roundtrip[unit30][0m
[32mPASSED[0m astropy/units/tests/test_format.py::[1mTestRoundtripOGIP::test_roundtrip[unit31][0m
[32mPASSED[0m astropy/units/tests/test_format.py::[1mTestRoundtripOGIP::test_roundtrip[unit32][0m
[32mPASSED[0m astropy/units/tests/test_format.py::[1mTestRoundtripOGIP::test_roundtrip[unit33][0m
[32mPASSED[0m astropy/units/tests/test_format.py::[1mTestRoundtripOGIP::test_roundtrip[unit34][0m
[32mPASSED[0m astropy/units/tests/test_format.py::[1mTestRoundtripOGIP::test_roundtrip[unit35][0m
[32mPASSED[0m astropy/units/tests/test_format.py::[1mTestRoundtripOGIP::test_roundtrip[unit36][0m
[32mPASSED[0m astropy/units/tests/test_format.py::[1mTestRoundtripOGIP::test_roundtrip[unit37][0m
[32mPASSED[0m astropy/units/tests/test_format.py::[1mTestRoundtripOGIP::test_roundtrip[unit38][0m
[32mPASSED[0m astropy/units/tests/test_format.py::[1mTestRoundtripOGIP::test_roundtrip[unit39][0m
[32mPASSED[0m astropy/units/tests/test_format.py::[1mTestRoundtripOGIP::test_roundtrip[unit40][0m
[32mPASSED[0m astropy/units/tests/test_format.py::[1mTestRoundtripOGIP::test_roundtrip[unit41][0m
[32mPASSED[0m astropy/units/tests/test_format.py::[1mTestRoundtripOGIP::test_roundtrip[unit42][0m
[32mPASSED[0m astropy/units/tests/test_format.py::[1mTestRoundtripOGIP::test_roundtrip[unit43][0m
[32mPASSED[0m astropy/units/tests/test_format.py::[1mTestRoundtripOGIP::test_roundtrip[unit44][0m
[32mPASSED[0m astropy/units/tests/test_format.py::[1mTestRoundtripOGIP::test_roundtrip[unit45][0m
[32mPASSED[0m astropy/units/tests/test_format.py::[1mTestRoundtripOGIP::test_roundtrip[unit46][0m
[32mPASSED[0m astropy/units/tests/test_format.py::[1mTestRoundtripOGIP::test_roundtrip[unit47][0m
[32mPASSED[0m astropy/units/tests/test_format.py::[1mTestRoundtripOGIP::test_roundtrip[unit48][0m
[32mPASSED[0m astropy/units/tests/test_format.py::[1mTestRoundtripOGIP::test_roundtrip[unit49][0m
[32mPASSED[0m astropy/units/tests/test_format.py::[1mTestRoundtripOGIP::test_roundtrip[unit50][0m
[32mPASSED[0m astropy/units/tests/test_format.py::[1mTestRoundtripOGIP::test_roundtrip[unit51][0m
[32mPASSED[0m astropy/units/tests/test_format.py::[1mtest_fits_units_available[0m
[32mPASSED[0m astropy/units/tests/test_format.py::[1mtest_vo_units_available[0m
[32mPASSED[0m astropy/units/tests/test_format.py::[1mtest_cds_units_available[0m
[32mPASSED[0m astropy/units/tests/test_format.py::[1mtest_cds_non_ascii_unit[0m
[32mPASSED[0m astropy/units/tests/test_format.py::[1mtest_latex[0m
[32mPASSED[0m astropy/units/tests/test_format.py::[1mtest_new_style_latex[0m
[32mPASSED[0m astropy/units/tests/test_format.py::[1mtest_latex_scale[0m
[32mPASSED[0m astropy/units/tests/test_format.py::[1mtest_latex_inline_scale[0m
[32mPASSED[0m astropy/units/tests/test_format.py::[1mtest_format_styles[generic-erg / (cm2 s)][0m
[32mPASSED[0m astropy/units/tests/test_format.py::[1mtest_format_styles[s-erg / (cm2 s)][0m
[32mPASSED[0m astropy/units/tests/test_format.py::[1mtest_format_styles[console-  erg  \n ------\n s cm^2][0m
[32mPASSED[0m astropy/units/tests/test_format.py::[1mtest_format_styles[latex-$\\mathrm{\\frac{erg}{s\\,cm^{2}}}$][0m
[32mPASSED[0m astropy/units/tests/test_format.py::[1mtest_format_styles[latex_inline-$\\mathrm{erg\\,s^{-1}\\,cm^{-2}}$][0m
[32mPASSED[0m astropy/units/tests/test_format.py::[1mtest_format_styles[>20s-       erg / (cm2 s)][0m
[32mPASSED[0m astropy/units/tests/test_format.py::[1mtest_flatten_to_known[0m
[32mPASSED[0m astropy/units/tests/test_format.py::[1mtest_flatten_impossible[0m
[32mPASSED[0m astropy/units/tests/test_format.py::[1mtest_console_out[0m
[32mPASSED[0m astropy/units/tests/test_format.py::[1mtest_flexible_float[0m
[32mPASSED[0m astropy/units/tests/test_format.py::[1mtest_fits_to_string_function_error[0m
[32mPASSED[0m astropy/units/tests/test_format.py::[1mtest_fraction_repr[0m
[32mPASSED[0m astropy/units/tests/test_format.py::[1mtest_scale_effectively_unity[0m
[32mPASSED[0m astropy/units/tests/test_format.py::[1mtest_percent[0m
[32mPASSED[0m astropy/units/tests/test_format.py::[1mtest_scaled_dimensionless[0m
[32mPASSED[0m astropy/units/tests/test_format.py::[1mtest_deprecated_did_you_mean_units[0m
[32mPASSED[0m astropy/units/tests/test_format.py::[1mtest_fits_function[mag(ct/s)][0m
[32mPASSED[0m astropy/units/tests/test_format.py::[1mtest_fits_function[dB(mW)][0m
[32mPASSED[0m astropy/units/tests/test_format.py::[1mtest_fits_function[dex(cm s**-2)][0m
[32mPASSED[0m astropy/units/tests/test_format.py::[1mtest_vounit_function[mag(ct/s)][0m
[32mPASSED[0m astropy/units/tests/test_format.py::[1mtest_vounit_function[dB(mW)][0m
[32mPASSED[0m astropy/units/tests/test_format.py::[1mtest_vounit_function[dex(cm s**-2)][0m
[32mPASSED[0m astropy/units/tests/test_format.py::[1mtest_vounit_binary_prefix[0m
[32mPASSED[0m astropy/units/tests/test_format.py::[1mtest_vounit_unknown[0m
[32mPASSED[0m astropy/units/tests/test_format.py::[1mtest_vounit_details[0m
[32mPASSED[0m astropy/units/tests/test_format.py::[1mtest_vounit_scale_factor[nm-nm-0.1-10^-1-0.1][0m
[32mPASSED[0m astropy/units/tests/test_format.py::[1mtest_vounit_scale_factor[fm-fm-100.0-10+2-100][0m
[32mPASSED[0m astropy/units/tests/test_format.py::[1mtest_vounit_scale_factor[m^2-m**2-100.0-100.0-100][0m
[32mPASSED[0m astropy/units/tests/test_format.py::[1mtest_vounit_scale_factor[cm-cm-2.54-2.54-2.54][0m
[32mPASSED[0m astropy/units/tests/test_format.py::[1mtest_vounit_scale_factor[kg-kg-1.898124597e+27-1.898124597E27-1.8981246e+27][0m
[32mPASSED[0m astropy/units/tests/test_format.py::[1mtest_vounit_scale_factor[m/s-m.s**-1-299792458.0-299792458-2.9979246e+08][0m
[32mPASSED[0m astropy/units/tests/test_format.py::[1mtest_vounit_scale_factor[cm2-cm**2-1e-20-10^(-20)-1e-20][0m
[32mPASSED[0m astropy/units/tests/test_format.py::[1mtest_vounit_custom[0m
[32mPASSED[0m astropy/units/tests/test_format.py::[1mtest_vounit_implicit_custom[0m
[32mPASSED[0m astropy/units/tests/test_format.py::[1mtest_fits_scale_factor[10+2-100-10**2][0m
[32mPASSED[0m astropy/units/tests/test_format.py::[1mtest_fits_scale_factor[10(+2)-100-10**2][0m
[32mPASSED[0m astropy/units/tests/test_format.py::[1mtest_fits_scale_factor[10**+2-100-10**2][0m
[32mPASSED[0m astropy/units/tests/test_format.py::[1mtest_fits_scale_factor[10**(+2)-100-10**2][0m
[32mPASSED[0m astropy/units/tests/test_format.py::[1mtest_fits_scale_factor[10^+2-100-10**2][0m
[32mPASSED[0m astropy/units/tests/test_format.py::[1mtest_fits_scale_factor[10^(+2)-100-10**2][0m
[32mPASSED[0m astropy/units/tests/test_format.py::[1mtest_fits_scale_factor[10**2-100-10**2][0m
[32mPASSED[0m astropy/units/tests/test_format.py::[1mtest_fits_scale_factor[10**(2)-100-10**2][0m
[32mPASSED[0m astropy/units/tests/test_format.py::[1mtest_fits_scale_factor[10^2-100-10**2][0m
[32mPASSED[0m astropy/units/tests/test_format.py::[1mtest_fits_scale_factor[10^(2)-100-10**2][0m
[32mPASSED[0m astropy/units/tests/test_format.py::[1mtest_fits_scale_factor[10-20-1e-20-10**-20][0m
[32mPASSED[0m astropy/units/tests/test_format.py::[1mtest_fits_scale_factor[10(-20)-1e-20-10**-20][0m
[32mPASSED[0m astropy/units/tests/test_format.py::[1mtest_fits_scale_factor[10**-20-1e-20-10**-20][0m
[32mPASSED[0m astropy/units/tests/test_format.py::[1mtest_fits_scale_factor[10**(-20)-1e-20-10**-20][0m
[32mPASSED[0m astropy/units/tests/test_format.py::[1mtest_fits_scale_factor[10^-20-1e-20-10**-20][0m
[32mPASSED[0m astropy/units/tests/test_format.py::[1mtest_fits_scale_factor[10^(-20)-1e-20-10**-20][0m
[32mPASSED[0m astropy/units/tests/test_format.py::[1mtest_fits_scale_factor_errors[0m
[32mPASSED[0m astropy/units/tests/test_format.py::[1mtest_double_superscript[0m
[32mPASSED[0m astropy/units/tests/test_format.py::[1mtest_powers[1.0-m][0m
[32mPASSED[0m astropy/units/tests/test_format.py::[1mtest_powers[2.0-m2][0m
[32mPASSED[0m astropy/units/tests/test_format.py::[1mtest_powers[-10-1 / m10][0m
[32mPASSED[0m astropy/units/tests/test_format.py::[1mtest_powers[1.5-m(3/2)][0m
[32mPASSED[0m astropy/units/tests/test_format.py::[1mtest_powers[0.6666666666666666-m(2/3)][0m
[32mPASSED[0m astropy/units/tests/test_format.py::[1mtest_powers[0.6363636363636364-m(7/11)][0m
[32mPASSED[0m astropy/units/tests/test_format.py::[1mtest_powers[-0.015625-1 / m(1/64)][0m
[32mPASSED[0m astropy/units/tests/test_format.py::[1mtest_powers[0.01-m(1/100)][0m
[32mPASSED[0m astropy/units/tests/test_format.py::[1mtest_powers[0.019801980198019802-m(0.019801980198019802)][0m
[32mPASSED[0m astropy/units/tests/test_format.py::[1mtest_powers[power9-m(2/101)][0m
[32mPASSED[0m astropy/units/tests/test_format.py::[1mtest_unicode[\xb5g-unit0][0m
[32mPASSED[0m astropy/units/tests/test_format.py::[1mtest_unicode[\u03bcg-unit1][0m
[32mPASSED[0m astropy/units/tests/test_format.py::[1mtest_unicode[g\u22121-unit2][0m
[32mPASSED[0m astropy/units/tests/test_format.py::[1mtest_unicode[m\u207b\xb9-unit3][0m
[32mPASSED[0m astropy/units/tests/test_format.py::[1mtest_unicode[m s\u207b\xb9-unit4][0m
[32mPASSED[0m astropy/units/tests/test_format.py::[1mtest_unicode[m\xb2-unit5][0m
[32mPASSED[0m astropy/units/tests/test_format.py::[1mtest_unicode[m\u207a\xb2-unit6][0m
[32mPASSED[0m astropy/units/tests/test_format.py::[1mtest_unicode[m\xb3-unit7][0m
[32mPASSED[0m astropy/units/tests/test_format.py::[1mtest_unicode[m\xb9\u2070-unit8][0m
[32mPASSED[0m astropy/units/tests/test_format.py::[1mtest_unicode[\u03a9-unit9][0m
[32mPASSED[0m astropy/units/tests/test_format.py::[1mtest_unicode[\u2126-unit10][0m
[32mPASSED[0m astropy/units/tests/test_format.py::[1mtest_unicode[\xb5\u03a9-unit11][0m
[32mPASSED[0m astropy/units/tests/test_format.py::[1mtest_unicode[\u212b-unit12][0m
[32mPASSED[0m astropy/units/tests/test_format.py::[1mtest_unicode[\u212b \u2126-unit13][0m
[32mPASSED[0m astropy/units/tests/test_format.py::[1mtest_unicode[\xc5-unit14][0m
[32mPASSED[0m astropy/units/tests/test_format.py::[1mtest_unicode[A\u030a-unit15][0m
[32mPASSED[0m astropy/units/tests/test_format.py::[1mtest_unicode[m\u212b-unit16][0m
[32mPASSED[0m astropy/units/tests/test_format.py::[1mtest_unicode[\xb0C-unit17][0m
[32mPASSED[0m astropy/units/tests/test_format.py::[1mtest_unicode[\xb0-unit18][0m
[32mPASSED[0m astropy/units/tests/test_format.py::[1mtest_unicode[M\u2299-unit19][0m
[32mPASSED[0m astropy/units/tests/test_format.py::[1mtest_unicode[L\u2609-unit20][0m
[32mPASSED[0m astropy/units/tests/test_format.py::[1mtest_unicode[M\u2295-unit21][0m
[32mPASSED[0m astropy/units/tests/test_format.py::[1mtest_unicode[M\u2641-unit22][0m
[32mPASSED[0m astropy/units/tests/test_format.py::[1mtest_unicode[R\u2643-unit23][0m
[32mPASSED[0m astropy/units/tests/test_format.py::[1mtest_unicode[\u2032-unit24][0m
[32mPASSED[0m astropy/units/tests/test_format.py::[1mtest_unicode[R\u221e-unit25][0m
[32mPASSED[0m astropy/units/tests/test_format.py::[1mtest_unicode[M\u209a-unit26][0m
[32mPASSED[0m astropy/units/tests/test_format.py::[1mtest_unicode_failures[g\xb5][0m
[32mPASSED[0m astropy/units/tests/test_format.py::[1mtest_unicode_failures[g\u2212][0m
[32mPASSED[0m astropy/units/tests/test_format.py::[1mtest_unicode_failures[m\u207b1][0m
[32mPASSED[0m astropy/units/tests/test_format.py::[1mtest_unicode_failures[m+\xb9][0m
[32mPASSED[0m astropy/units/tests/test_format.py::[1mtest_unicode_failures[m\u2212\xb9][0m
[32mPASSED[0m astropy/units/tests/test_format.py::[1mtest_unicode_failures[k\u212b][0m
[32mPASSED[0m astropy/units/tests/test_format.py::[1mtest_parse_error_message_for_output_only_format[unicode][0m
[32mPASSED[0m astropy/units/tests/test_format.py::[1mtest_parse_error_message_for_output_only_format[latex][0m
[32mPASSED[0m astropy/units/tests/test_format.py::[1mtest_parse_error_message_for_output_only_format[latex_inline][0m
[32mPASSED[0m astropy/units/tests/test_format.py::[1mtest_unknown_parser[0m
[32mPASSED[0m astropy/units/tests/test_format.py::[1mtest_celsius_fits[0m
[31mFAILED[0m astropy/units/tests/test_format.py::[1mtest_cds_grammar[strings4-unit4][0m - assert Unit("km Mpc / s") == Unit("km / (Mpc s)")
[31mFAILED[0m astropy/units/tests/test_format.py::[1mtest_cds_grammar[strings6-unit6][0m - assert Unit("1000 J s / (kpc2 m)") == Unit("1000 W / (kpc2 m)")
[31mFAILED[0m astropy/units/tests/test_format.py::[1mtest_cds_grammar_fail[km/s.Mpc-1][0m - Failed: DID NOT RAISE <class 'ValueError'>
[31m============================================================================================================= [31m[1m3 failed[0m, [32m735 passed[0m[31m in 1.34s[0m[31m ==============================================================================================================[0m
