================================================================================================================== test session starts ===================================================================================================================
platform linux -- Python 3.11.9, pytest-9.1.1, pluggy-1.6.0
rootdir: /testbed
plugins: metadata-3.1.1, anyio-4.15.1, json-report-1.5.0
collected 1 item

test_fixture.py E                                                                                                                                                                                                                                  [100%]

========================================================================================================================= ERRORS =========================================================================================================================
_____________________________________________________________________________________________________________ ERROR at setup of test_uses_db _____________________________________________________________________________________________________________

    @pytest.fixture
    def db():
>       raise RuntimeError("db unavailable")
E       RuntimeError: db unavailable


test_fixture.py:4: RuntimeError
================================================================================================================ short test summary info =================================================================================================================
ERROR test_fixture.py::test_uses_db - RuntimeError: db unavailable
==================================================================================================================== 1 error in 0.01s ====================================================================================================================
