================================================================================================================== test session starts ===================================================================================================================
platform linux -- Python 3.11.9, pytest-9.1.1, pluggy-1.6.0
rootdir: /testbed
plugins: metadata-3.1.1, anyio-4.15.1, json-report-1.5.0
collected 3 items

test_cart.py F.F                                                                                                                                                                                                                                   [100%]

======================================================================================================================== FAILURES ========================================================================================================================
_________________________________________________________________________________________________________________ TestCart.test_discount _________________________________________________________________________________________________________________

self = <test_cart.TestCart object at 0x7f00608a9010>

    def test_discount(self):
        expected = 99.0
>       assert cart_total(ITEMS, discount=10.0) == expected
E       AssertionError: assert 100.0 == 99.0
E        +  where 100.0 = cart_total([{'price': 50.0, 'qty': 2}, {'price': 10.0, 'qty': 1}], discount=10.0)

expected   = 99.0
self       = <test_cart.TestCart object at 0x7f00608a9010>

test_cart.py:10: AssertionError
_____________________________________________________________________________________________________________________ test_parse[x] ______________________________________________________________________________________________________________________

s = 'x'

    @pytest.mark.parametrize("s", ["12", "x"])
    def test_parse(s):
>       assert parse(s) > 0
               ^^^^^^^^

s          = 'x'

test_cart.py:15: 
_ _ _ _ _ _ _ _ _ _ _ _ _ _ _ _ _ _ _ _ _ _ _ _ _ _ _ _ _ _ _ _ _ _ _ _ _ _ _ _ _ _ _ _ _ _ _ _ _ _ _ _ _ _ _ _ _ _ _ _ _ _ _ _ _ _ _ _ _ _ _ _ _ _ _ _ _ _ _ _ _ _ _ _ _ _ _ _ _ _ _ _ _ _ _ _ _ _ _ _ _ _ _ _ _ _ _ _ _ _ _ _ _ _ _ _ _ _ _ _ _ _ _ _ _ 

s = 'x'

    def parse(s):
>       return int(s)
               ^^^^^^
E       ValueError: invalid literal for int() with base 10: 'x'

s          = 'x'

pkg/cart.py:7: ValueError
========================================================================================================================= PASSES =========================================================================================================================
================================================================================================================ short test summary info =================================================================================================================
PASSED test_cart.py::test_parse[12]
FAILED test_cart.py::TestCart::test_discount - AssertionError: assert 100.0 == 99.0
FAILED test_cart.py::test_parse[x] - ValueError: invalid literal for int() with base 10: 'x'
============================================================================================================== 2 failed, 1 passed in 0.02s ===============================================================================================================
